2021-10-17	15:18:51	+0200	7c5371ee-9fda-4cc6-b212-a93c2d12de9f	1	Custom-process	0	OK	PSTATE	TRANSITION_ENTER	MyStart	
2021-10-17	15:18:51	+0200	7c5371ee-9fda-4cc6-b212-a93c2d12de9f	1	Process Start	2	OK	PROCESS_START	CUSTOM	Custom-process::null	MyStart
2021-10-17	15:18:51	+0200	7c5371ee-9fda-4cc6-b212-a93c2d12de9f	1	Custom-process	8	OK	PSTATE	TRANSITION_EXIT	MyStart	
2021-10-17	15:18:51	+0200	550e3034-9320-454d-83b7-9fa6b6997f5c	2	Custom-process	0	OK	PSTATE	TRANSITION_ENTER	MyTask1	
2021-10-17	15:18:51	+0200	550e3034-9320-454d-83b7-9fa6b6997f5c	2	Process State Start	0	OK	PROCESS_STATE_START	CUSTOM	Custom-process::null	MyTask1
2021-10-17	15:18:51	+0200	550e3034-9320-454d-83b7-9fa6b6997f5c	2	Custom-process	0	OK	PSTATE	TRANSITION_EXIT	MyTask1	
2021-10-17	15:22:53	+0200	e6dbc187-7f02-4c13-b3ef-000d45728635	1	Custom-process	0	OK	PSTATE	TRANSITION_ENTER	MyStart	
2021-10-17	15:22:53	+0200	e6dbc187-7f02-4c13-b3ef-000d45728635	1	Process Start	1	OK	PROCESS_START	CUSTOM	Custom-process::null	MyStart
2021-10-17	15:22:53	+0200	e6dbc187-7f02-4c13-b3ef-000d45728635	1	Custom-process	8	OK	PSTATE	TRANSITION_EXIT	MyStart	
2021-10-17	15:22:53	+0200	74147be6-d06e-4dfd-8bf0-0bbbe7bd4561	2	Custom-process	0	OK	PSTATE	TRANSITION_ENTER	MyTask1	
2021-10-17	15:22:53	+0200	74147be6-d06e-4dfd-8bf0-0bbbe7bd4561	2	Process State Start	0	OK	PROCESS_STATE_START	CUSTOM	Custom-process::null	MyTask1
2021-10-17	15:22:53	+0200	74147be6-d06e-4dfd-8bf0-0bbbe7bd4561	2	Custom-process	1	OK	PSTATE	TRANSITION_EXIT	MyTask1	
2021-10-17	15:22:53	+0200	74147be6-d06e-4dfd-8bf0-0bbbe7bd4561	2	Custom-process	2	OK	PSTATE	TRANSITION_EXIT	MyTask1	
2021-10-17	15:23:24	+0200	a4ae8916-b4fa-4acd-9447-34d3c2a86aed	1	Custom-process	0	OK	PSTATE	TRANSITION_ENTER	MyStart	
2021-10-17	15:23:24	+0200	a4ae8916-b4fa-4acd-9447-34d3c2a86aed	1	Process Start	2	OK	PROCESS_START	CUSTOM	Custom-process::null	MyStart
2021-10-17	15:23:24	+0200	a4ae8916-b4fa-4acd-9447-34d3c2a86aed	1	Custom-process	8	OK	PSTATE	TRANSITION_EXIT	MyStart	
2021-10-17	15:23:24	+0200	b0865dd5-cf27-41aa-bf77-c8817e0ccf6a	2	Custom-process	0	OK	PSTATE	TRANSITION_ENTER	MyTask1	
2021-10-17	15:23:24	+0200	b0865dd5-cf27-41aa-bf77-c8817e0ccf6a	2	Process State Start	0	OK	PROCESS_STATE_START	CUSTOM	Custom-process::null	MyTask1
2021-10-17	15:23:24	+0200	b0865dd5-cf27-41aa-bf77-c8817e0ccf6a	2	Custom-process	1	OK	PSTATE	TRANSITION_EXIT	MyTask1	
2021-10-17	15:23:24	+0200	b0865dd5-cf27-41aa-bf77-c8817e0ccf6a	2	Custom-process	1	OK	PSTATE	TRANSITION_EXIT	MyTask1	
2021-10-17	15:24:35	+0200	9174e355-b2d5-40e3-b0c5-a11d907e2168	1	Custom-process	0	OK	PSTATE	TRANSITION_ENTER	MyStart	
2021-10-17	15:24:35	+0200	9174e355-b2d5-40e3-b0c5-a11d907e2168	1	Process Start	1	OK	PROCESS_START	CUSTOM	Custom-process::null	MyStart
2021-10-17	15:24:35	+0200	9174e355-b2d5-40e3-b0c5-a11d907e2168	1	Custom-process	7	OK	PSTATE	TRANSITION_EXIT	MyStart	
2021-10-17	15:24:35	+0200	5e3151ec-c702-4a9c-8f83-109005f1c507	2	Custom-process	0	OK	PSTATE	TRANSITION_ENTER	MyTask1	
2021-10-17	15:24:35	+0200	5e3151ec-c702-4a9c-8f83-109005f1c507	2	Process State Start	1	OK	PROCESS_STATE_START	CUSTOM	Custom-process::null	MyTask1
2021-10-17	15:24:35	+0200	5e3151ec-c702-4a9c-8f83-109005f1c507	2	Custom-process	1	OK	PSTATE	TRANSITION_EXIT	MyTask1	
2021-10-17	15:24:35	+0200	5e3151ec-c702-4a9c-8f83-109005f1c507	2	Custom-process	2	OK	PSTATE	TRANSITION_EXIT	MyTask1	
2021-10-17	15:26:45	+0200	66979bc1-3c14-44fc-ac6b-57fc69338e38	1	Custom-process	0	OK	PSTATE	TRANSITION_ENTER	MyStart	
2021-10-17	15:26:45	+0200	66979bc1-3c14-44fc-ac6b-57fc69338e38	1	Process Start	1	OK	PROCESS_START	CUSTOM	Custom-process::null	MyStart
2021-10-17	15:26:45	+0200	66979bc1-3c14-44fc-ac6b-57fc69338e38	1	Custom-process	7	OK	PSTATE	TRANSITION_EXIT	MyStart	
2021-10-17	15:26:45	+0200	37c46c40-95a1-4fab-b6ee-e14a1c394b68	2	Custom-process	0	OK	PSTATE	TRANSITION_ENTER	MyTask1	
2021-10-17	15:26:45	+0200	37c46c40-95a1-4fab-b6ee-e14a1c394b68	2	Process State Start	0	OK	PROCESS_STATE_START	CUSTOM	Custom-process::null	MyTask1
2021-10-17	15:26:45	+0200	37c46c40-95a1-4fab-b6ee-e14a1c394b68	2	Custom-process	1	OK	PSTATE	TRANSITION_EXIT	MyTask1	
2021-10-17	15:27:13	+0200	70119919-7772-4612-96a9-b1e37e0a7051	1	Custom-process	0	OK	PSTATE	TRANSITION_ENTER	MyStart	
2021-10-17	15:27:13	+0200	70119919-7772-4612-96a9-b1e37e0a7051	1	Process Start	1	OK	PROCESS_START	CUSTOM	Custom-process::null	MyStart
2021-10-17	15:27:13	+0200	70119919-7772-4612-96a9-b1e37e0a7051	1	Custom-process	8	OK	PSTATE	TRANSITION_EXIT	MyStart	
2021-10-17	15:27:13	+0200	d662a2a8-a0e9-4bb1-9f49-9f56fd415536	2	Custom-process	0	OK	PSTATE	TRANSITION_ENTER	MyTask1	
2021-10-17	15:27:13	+0200	d662a2a8-a0e9-4bb1-9f49-9f56fd415536	2	Process State Start	1	OK	PROCESS_STATE_START	CUSTOM	Custom-process::null	MyTask1
2021-10-17	15:27:13	+0200	d662a2a8-a0e9-4bb1-9f49-9f56fd415536	2	Custom-process	1	OK	PSTATE	TRANSITION_EXIT	MyTask1	
2021-10-17	15:27:15	+0200	f51635ec-6520-4ddb-9b6a-204215613355	3	Custom-process	0	OK	PSTATE	TRANSITION_ENTER	MyTask1Done	
2021-10-17	15:27:15	+0200	f51635ec-6520-4ddb-9b6a-204215613355	3	Process State End	1	OK	PROCESS_STATE_END	CUSTOM	Custom-process::null	MyTask1
2021-10-17	15:27:15	+0200	f51635ec-6520-4ddb-9b6a-204215613355	3	Custom-process	6	OK	PSTATE	TRANSITION_EXIT	MyTask1Done	
2021-10-17	15:27:15	+0200	c7cab4ab-5382-44ca-9425-a0de43bc3e13	4	Custom-process	0	OK	PSTATE	TRANSITION_ENTER	MyTask2	
2021-10-17	15:27:15	+0200	c7cab4ab-5382-44ca-9425-a0de43bc3e13	4	Process State Start	0	OK	PROCESS_STATE_START	CUSTOM	Custom-process::null	MyTask2
2021-10-17	15:27:15	+0200	c7cab4ab-5382-44ca-9425-a0de43bc3e13	4	Custom-process	0	OK	PSTATE	TRANSITION_EXIT	MyTask2	
2021-10-17	15:27:59	+0200	9eef7314-9b98-4a45-948c-f30e2cf266ad	1	Custom-process	0	OK	PSTATE	TRANSITION_ENTER	MyStart	
2021-10-17	15:27:59	+0200	9eef7314-9b98-4a45-948c-f30e2cf266ad	1	Process Start	1	OK	PROCESS_START	CUSTOM	Custom-process::null	MyStart
2021-10-17	15:27:59	+0200	9eef7314-9b98-4a45-948c-f30e2cf266ad	1	Custom-process	7	OK	PSTATE	TRANSITION_EXIT	MyStart	
2021-10-17	15:27:59	+0200	31ede21f-f0b5-4221-84bb-f70046b1a6d8	2	Custom-process	0	OK	PSTATE	TRANSITION_ENTER	MyTask1	
2021-10-17	15:27:59	+0200	31ede21f-f0b5-4221-84bb-f70046b1a6d8	2	Process State Start	0	OK	PROCESS_STATE_START	CUSTOM	Custom-process::null	MyTask1
2021-10-17	15:27:59	+0200	31ede21f-f0b5-4221-84bb-f70046b1a6d8	2	Custom-process	0	OK	PSTATE	TRANSITION_EXIT	MyTask1	
2021-10-17	15:28:01	+0200	d2c79bfd-0772-4e93-b993-3c43b27127c6	3	Custom-process	0	OK	PSTATE	TRANSITION_ENTER	MyTask1Done	
2021-10-17	15:28:01	+0200	d2c79bfd-0772-4e93-b993-3c43b27127c6	3	Process State End	1	OK	PROCESS_STATE_END	CUSTOM	Custom-process::null	MyTask1
2021-10-17	15:28:01	+0200	d2c79bfd-0772-4e93-b993-3c43b27127c6	3	Custom-process	2	OK	PSTATE	TRANSITION_EXIT	MyTask1Done	
2021-10-17	15:28:01	+0200	614cac26-d50e-4606-a091-6ff6542b3c40	4	Custom-process	0	OK	PSTATE	TRANSITION_ENTER	MyTask2	
2021-10-17	15:28:01	+0200	614cac26-d50e-4606-a091-6ff6542b3c40	4	Process State Start	0	OK	PROCESS_STATE_START	CUSTOM	Custom-process::null	MyTask2
2021-10-17	15:28:01	+0200	614cac26-d50e-4606-a091-6ff6542b3c40	4	Custom-process	1	OK	PSTATE	TRANSITION_EXIT	MyTask2	
2021-10-17	15:28:03	+0200	53596388-a5e5-4761-9bb5-a52838c5bb35	5	Custom-process	0	OK	PSTATE	TRANSITION_ENTER	MyTask2Done	
2021-10-17	15:28:03	+0200	53596388-a5e5-4761-9bb5-a52838c5bb35	5	Process State End	0	OK	PROCESS_STATE_END	CUSTOM	Custom-process::null	MyTask2
2021-10-17	15:28:03	+0200	53596388-a5e5-4761-9bb5-a52838c5bb35	5	Custom-process	1	OK	PSTATE	TRANSITION_EXIT	MyTask2Done	
2021-10-17	15:28:03	+0200	9410fc9d-3844-4ed6-b2b1-136396ea7b1d	6	Custom-process	0	OK	PSTATE	TRANSITION_ENTER	MyEnd	
2021-10-17	15:28:03	+0200	9410fc9d-3844-4ed6-b2b1-136396ea7b1d	6	Process End	0	OK	PROCESS_END	CUSTOM	Custom-process::null	MyEnd
2021-10-17	15:28:03	+0200	9410fc9d-3844-4ed6-b2b1-136396ea7b1d	6	Custom-process	1	OK	PSTATE	TRANSITION_EXIT	MyEnd	
